0 info it worked if it ends with ok
1 verbose cli [ '/usr/local/bin/node', '/usr/local/bin/npm', 'start' ]
2 info using npm@3.10.10
3 info using node@v6.11.3
4 verbose stack Error: ENOENT: no such file or directory, open 'D:\Brukere\Katrine\ItProsjekt\it1901\package.json'
4 verbose stack     at Error (native)
5 verbose cwd D:\Brukere\Katrine\ItProsjekt\it1901
6 error Windows_NT 6.1.7601
7 error argv "C:\\Program Files\\nodejs\\node.exe" "C:\\Program Files\\nodejs\\node_modules\\npm\\bin\\npm-cli.js" "start"
8 error node v6.11.3
9 error npm  v3.10.10
10 error path D:\Brukere\Katrine\ItProsjekt\it1901\package.json
4 verbose stack Error: ENOENT: no such file or directory, open '/Users/Philip/Dropbox/Skole/IT1901/festival/it1901/package.json'
4 verbose stack     at Error (native)
5 verbose cwd /Users/Philip/Dropbox/Skole/IT1901/festival/it1901
6 error Darwin 16.7.0
7 error argv "/usr/local/bin/node" "/usr/local/bin/npm" "start"
8 error node v6.11.3
9 error npm  v3.10.10
10 error path /Users/Philip/Dropbox/Skole/IT1901/festival/it1901/package.json
11 error code ENOENT
12 error errno -2
13 error syscall open
14 error enoent ENOENT: no such file or directory, open 'D:\Brukere\Katrine\ItProsjekt\it1901\package.json'
15 error enoent ENOENT: no such file or directory, open 'D:\Brukere\Katrine\ItProsjekt\it1901\package.json'
14 error enoent ENOENT: no such file or directory, open '/Users/Philip/Dropbox/Skole/IT1901/festival/it1901/package.json'
15 error enoent ENOENT: no such file or directory, open '/Users/Philip/Dropbox/Skole/IT1901/festival/it1901/package.json'
15 error enoent This is most likely not a problem with npm itself
15 error enoent and is related to npm not being able to find a file.
16 verbose exit [ -2, true ]
